
*** Running vivado
    with args -log kolejka_xlconstant_0_2.vds -m64 -product Vivado -mode batch -messageDb vivado.pb -notrace -source kolejka_xlconstant_0_2.tcl


****** Vivado v2017.3 (64-bit)
  **** SW Build 2018833 on Wed Oct  4 19:58:22 MDT 2017
  **** IP Build 2016188 on Wed Oct  4 21:52:56 MDT 2017
    ** Copyright 1986-2017 Xilinx, Inc. All Rights Reserved.

source kolejka_xlconstant_0_2.tcl -notrace
Starting RTL Elaboration : Time (s): cpu = 00:00:11 ; elapsed = 00:00:15 . Memory (MB): peak = 346.609 ; gain = 92.902
INFO: [Synth 8-638] synthesizing module 'kolejka_xlconstant_0_2' [c:/makiv2/kamera_akustyczna_v0.1/kamera_akustyczna_v0.1.srcs/sources_1/bd/kolejka/ip/kolejka_xlconstant_0_2/synth/kolejka_xlconstant_0_2.v:57]
INFO: [Synth 8-638] synthesizing module 'xlconstant_v1_1_3_xlconstant' [c:/makiv2/kamera_akustyczna_v0.1/kamera_akustyczna_v0.1.srcs/sources_1/bd/kolejka/ipshared/0750/hdl/xlconstant_v1_1_vl_rfs.v:23]
INFO: [Synth 8-256] done synthesizing module 'xlconstant_v1_1_3_xlconstant' (1#1) [c:/makiv2/kamera_akustyczna_v0.1/kamera_akustyczna_v0.1.srcs/sources_1/bd/kolejka/ipshared/0750/hdl/xlconstant_v1_1_vl_rfs.v:23]
INFO: [Synth 8-256] done synthesizing module 'kolejka_xlconstant_0_2' (2#1) [c:/makiv2/kamera_akustyczna_v0.1/kamera_akustyczna_v0.1.srcs/sources_1/bd/kolejka/ip/kolejka_xlconstant_0_2/synth/kolejka_xlconstant_0_2.v:57]
Finished RTL Elaboration : Time (s): cpu = 00:00:12 ; elapsed = 00:00:17 . Memory (MB): peak = 388.691 ; gain = 134.984
Finished RTL Optimization Phase 1 : Time (s): cpu = 00:00:12 ; elapsed = 00:00:17 . Memory (MB): peak = 388.691 ; gain = 134.984
INFO: [Device 21-403] Loading part xc7z010clg400-1
Constraint Validation Runtime : Time (s): cpu = 00:00:00 ; elapsed = 00:00:00.006 . Memory (MB): peak = 592.207 ; gain = 0.000
Finished Constraint Validation : Time (s): cpu = 00:00:31 ; elapsed = 00:00:42 . Memory (MB): peak = 592.207 ; gain = 338.500
Finished Loading Part and Timing Information : Time (s): cpu = 00:00:31 ; elapsed = 00:00:42 . Memory (MB): peak = 592.207 ; gain = 338.500
Finished applying 'set_property' XDC Constraints : Time (s): cpu = 00:00:31 ; elapsed = 00:00:42 . Memory (MB): peak = 592.207 ; gain = 338.500
Finished RTL Optimization Phase 2 : Time (s): cpu = 00:00:31 ; elapsed = 00:00:42 . Memory (MB): peak = 592.207 ; gain = 338.500
Finished Cross Boundary and Area Optimization : Time (s): cpu = 00:00:32 ; elapsed = 00:00:43 . Memory (MB): peak = 592.207 ; gain = 338.500
Finished Applying XDC Timing Constraints : Time (s): cpu = 00:00:46 ; elapsed = 00:00:59 . Memory (MB): peak = 637.273 ; gain = 383.566
Finished Timing Optimization : Time (s): cpu = 00:00:46 ; elapsed = 00:00:59 . Memory (MB): peak = 637.273 ; gain = 383.566
Finished Technology Mapping : Time (s): cpu = 00:00:46 ; elapsed = 00:00:59 . Memory (MB): peak = 647.414 ; gain = 393.707
Finished IO Insertion : Time (s): cpu = 00:00:47 ; elapsed = 00:01:00 . Memory (MB): peak = 647.414 ; gain = 393.707
Finished Renaming Generated Instances : Time (s): cpu = 00:00:47 ; elapsed = 00:01:00 . Memory (MB): peak = 647.414 ; gain = 393.707
Finished Rebuilding User Hierarchy : Time (s): cpu = 00:00:47 ; elapsed = 00:01:00 . Memory (MB): peak = 647.414 ; gain = 393.707
Finished Renaming Generated Ports : Time (s): cpu = 00:00:47 ; elapsed = 00:01:00 . Memory (MB): peak = 647.414 ; gain = 393.707
Finished Handling Custom Attributes : Time (s): cpu = 00:00:47 ; elapsed = 00:01:00 . Memory (MB): peak = 647.414 ; gain = 393.707
Finished Renaming Generated Nets : Time (s): cpu = 00:00:47 ; elapsed = 00:01:00 . Memory (MB): peak = 647.414 ; gain = 393.707

Report Cell Usage: 
+-+-----+------+
| |Cell |Count |
+-+-----+------+
+-+-----+------+
Finished Writing Synthesis Report : Time (s): cpu = 00:00:47 ; elapsed = 00:01:00 . Memory (MB): peak = 647.414 ; gain = 393.707
synth_design: Time (s): cpu = 00:00:49 ; elapsed = 00:01:02 . Memory (MB): peak = 665.012 ; gain = 418.691
