
*** Running vivado
    with args -log kolejka_axis_data_fifo_0_0.vds -m64 -product Vivado -mode batch -messageDb vivado.pb -notrace -source kolejka_axis_data_fifo_0_0.tcl


****** Vivado v2017.3 (64-bit)
  **** SW Build 2018833 on Wed Oct  4 19:58:22 MDT 2017
  **** IP Build 2016188 on Wed Oct  4 21:52:56 MDT 2017
    ** Copyright 1986-2017 Xilinx, Inc. All Rights Reserved.

source kolejka_axis_data_fifo_0_0.tcl -notrace
Starting RTL Elaboration : Time (s): cpu = 00:00:10 ; elapsed = 00:00:11 . Memory (MB): peak = 351.332 ; gain = 96.320
INFO: [Synth 8-638] synthesizing module 'kolejka_axis_data_fifo_0_0' [c:/makiv2/kamera_akustyczna_v0.1/kamera_akustyczna_v0.1.srcs/sources_1/bd/kolejka/ip/kolejka_axis_data_fifo_0_0/synth/kolejka_axis_data_fifo_0_0.v:57]
INFO: [Synth 8-638] synthesizing module 'axis_data_fifo_v1_1_15_axis_data_fifo' [c:/makiv2/kamera_akustyczna_v0.1/kamera_akustyczna_v0.1.srcs/sources_1/bd/kolejka/ipshared/f1e5/hdl/axis_data_fifo_v1_1_vl_rfs.v:62]
INFO: [Synth 8-638] synthesizing module 'axis_infrastructure_v1_1_0_util_aclken_converter_wrapper' [c:/makiv2/kamera_akustyczna_v0.1/kamera_akustyczna_v0.1.srcs/sources_1/bd/kolejka/ipshared/0ab1/hdl/axis_infrastructure_v1_1_vl_rfs.v:600]
INFO: [Synth 8-638] synthesizing module 'axis_infrastructure_v1_1_0_util_aclken_converter' [c:/makiv2/kamera_akustyczna_v0.1/kamera_akustyczna_v0.1.srcs/sources_1/bd/kolejka/ipshared/0ab1/hdl/axis_infrastructure_v1_1_vl_rfs.v:337]
INFO: [Synth 8-256] done synthesizing module 'axis_infrastructure_v1_1_0_util_aclken_converter' (1#1) [c:/makiv2/kamera_akustyczna_v0.1/kamera_akustyczna_v0.1.srcs/sources_1/bd/kolejka/ipshared/0ab1/hdl/axis_infrastructure_v1_1_vl_rfs.v:337]
INFO: [Synth 8-638] synthesizing module 'axis_infrastructure_v1_1_0_util_axis2vector' [c:/makiv2/kamera_akustyczna_v0.1/kamera_akustyczna_v0.1.srcs/sources_1/bd/kolejka/ipshared/0ab1/hdl/axis_infrastructure_v1_1_vl_rfs.v:810]
INFO: [Synth 8-256] done synthesizing module 'axis_infrastructure_v1_1_0_util_axis2vector' (2#1) [c:/makiv2/kamera_akustyczna_v0.1/kamera_akustyczna_v0.1.srcs/sources_1/bd/kolejka/ipshared/0ab1/hdl/axis_infrastructure_v1_1_vl_rfs.v:810]
INFO: [Synth 8-638] synthesizing module 'axis_infrastructure_v1_1_0_util_vector2axis' [c:/makiv2/kamera_akustyczna_v0.1/kamera_akustyczna_v0.1.srcs/sources_1/bd/kolejka/ipshared/0ab1/hdl/axis_infrastructure_v1_1_vl_rfs.v:992]
INFO: [Synth 8-256] done synthesizing module 'axis_infrastructure_v1_1_0_util_vector2axis' (3#1) [c:/makiv2/kamera_akustyczna_v0.1/kamera_akustyczna_v0.1.srcs/sources_1/bd/kolejka/ipshared/0ab1/hdl/axis_infrastructure_v1_1_vl_rfs.v:992]
INFO: [Synth 8-256] done synthesizing module 'axis_infrastructure_v1_1_0_util_aclken_converter_wrapper' (4#1) [c:/makiv2/kamera_akustyczna_v0.1/kamera_akustyczna_v0.1.srcs/sources_1/bd/kolejka/ipshared/0ab1/hdl/axis_infrastructure_v1_1_vl_rfs.v:600]
INFO: [Synth 8-638] synthesizing module 'xpm_cdc_async_rst' [C:/Xilinx/Vivado/2017.3/data/ip/xpm/xpm_cdc/hdl/xpm_cdc.sv:1177]
INFO: [Synth 8-256] done synthesizing module 'xpm_cdc_async_rst' (5#1) [C:/Xilinx/Vivado/2017.3/data/ip/xpm/xpm_cdc/hdl/xpm_cdc.sv:1177]
INFO: [Synth 8-638] synthesizing module 'xpm_cdc_sync_rst' [C:/Xilinx/Vivado/2017.3/data/ip/xpm/xpm_cdc/hdl/xpm_cdc.sv:1045]
INFO: [Synth 8-256] done synthesizing module 'xpm_cdc_sync_rst' (7#1) [C:/Xilinx/Vivado/2017.3/data/ip/xpm/xpm_cdc/hdl/xpm_cdc.sv:1045]
INFO: [Synth 8-638] synthesizing module 'axis_infrastructure_v1_1_0_util_aclken_converter_wrapper__parameterized0' [c:/makiv2/kamera_akustyczna_v0.1/kamera_akustyczna_v0.1.srcs/sources_1/bd/kolejka/ipshared/0ab1/hdl/axis_infrastructure_v1_1_vl_rfs.v:600]
INFO: [Synth 8-256] done synthesizing module 'axis_infrastructure_v1_1_0_util_aclken_converter_wrapper__parameterized0' (32#1) [c:/makiv2/kamera_akustyczna_v0.1/kamera_akustyczna_v0.1.srcs/sources_1/bd/kolejka/ipshared/0ab1/hdl/axis_infrastructure_v1_1_vl_rfs.v:600]
INFO: [Synth 8-256] done synthesizing module 'axis_data_fifo_v1_1_15_axis_data_fifo' (33#1) [c:/makiv2/kamera_akustyczna_v0.1/kamera_akustyczna_v0.1.srcs/sources_1/bd/kolejka/ipshared/f1e5/hdl/axis_data_fifo_v1_1_vl_rfs.v:62]
INFO: [Synth 8-256] done synthesizing module 'kolejka_axis_data_fifo_0_0' (34#1) [c:/makiv2/kamera_akustyczna_v0.1/kamera_akustyczna_v0.1.srcs/sources_1/bd/kolejka/ip/kolejka_axis_data_fifo_0_0/synth/kolejka_axis_data_fifo_0_0.v:57]
Finished RTL Elaboration : Time (s): cpu = 00:01:33 ; elapsed = 00:01:40 . Memory (MB): peak = 572.898 ; gain = 317.887
Finished RTL Optimization Phase 1 : Time (s): cpu = 00:01:33 ; elapsed = 00:01:41 . Memory (MB): peak = 572.898 ; gain = 317.887
INFO: [Device 21-403] Loading part xc7z010clg400-1
Constraint Validation Runtime : Time (s): cpu = 00:00:00 ; elapsed = 00:00:00.014 . Memory (MB): peak = 667.711 ; gain = 0.000
Finished Constraint Validation : Time (s): cpu = 00:01:47 ; elapsed = 00:01:55 . Memory (MB): peak = 667.711 ; gain = 412.699
Finished Loading Part and Timing Information : Time (s): cpu = 00:01:47 ; elapsed = 00:01:55 . Memory (MB): peak = 667.711 ; gain = 412.699
Finished applying 'set_property' XDC Constraints : Time (s): cpu = 00:01:47 ; elapsed = 00:01:56 . Memory (MB): peak = 667.711 ; gain = 412.699
Finished RTL Optimization Phase 2 : Time (s): cpu = 00:01:48 ; elapsed = 00:01:57 . Memory (MB): peak = 667.711 ; gain = 412.699
Finished Cross Boundary and Area Optimization : Time (s): cpu = 00:01:49 ; elapsed = 00:01:58 . Memory (MB): peak = 667.711 ; gain = 412.699
Finished Applying XDC Timing Constraints : Time (s): cpu = 00:02:03 ; elapsed = 00:02:12 . Memory (MB): peak = 673.293 ; gain = 418.281
Finished Timing Optimization : Time (s): cpu = 00:02:03 ; elapsed = 00:02:13 . Memory (MB): peak = 695.582 ; gain = 440.570
Finished Technology Mapping : Time (s): cpu = 00:02:03 ; elapsed = 00:02:13 . Memory (MB): peak = 698.586 ; gain = 443.574
Finished IO Insertion : Time (s): cpu = 00:02:04 ; elapsed = 00:02:14 . Memory (MB): peak = 698.586 ; gain = 443.574
Finished Renaming Generated Instances : Time (s): cpu = 00:02:04 ; elapsed = 00:02:14 . Memory (MB): peak = 698.586 ; gain = 443.574
Finished Rebuilding User Hierarchy : Time (s): cpu = 00:02:04 ; elapsed = 00:02:14 . Memory (MB): peak = 698.586 ; gain = 443.574
Finished Renaming Generated Ports : Time (s): cpu = 00:02:04 ; elapsed = 00:02:14 . Memory (MB): peak = 698.586 ; gain = 443.574
Finished Handling Custom Attributes : Time (s): cpu = 00:02:04 ; elapsed = 00:02:14 . Memory (MB): peak = 698.586 ; gain = 443.574
Finished Renaming Generated Nets : Time (s): cpu = 00:02:04 ; elapsed = 00:02:14 . Memory (MB): peak = 698.586 ; gain = 443.574

Report Cell Usage: 
+------+---------+------+
|      |Cell     |Count |
+------+---------+------+
|1     |CARRY4   |     6|
|2     |LUT1     |     6|
|3     |LUT2     |    18|
|4     |LUT3     |     9|
|5     |LUT4     |    69|
|6     |LUT5     |    18|
|7     |LUT6     |    46|
|8     |MUXCY    |    30|
|9     |RAMB36E1 |     2|
|10    |SRL16E   |     1|
|11    |FDPE     |     5|
|12    |FDRE     |   213|
|13    |FDSE     |    11|
+------+---------+------+
Finished Writing Synthesis Report : Time (s): cpu = 00:02:04 ; elapsed = 00:02:14 . Memory (MB): peak = 698.586 ; gain = 443.574
synth_design: Time (s): cpu = 00:02:07 ; elapsed = 00:02:18 . Memory (MB): peak = 1083.492 ; gain = 837.875
