
*** Running vivado
    with args -log kolejka_axis_data_fifo_0_0.vds -m64 -product Vivado -mode batch -messageDb vivado.pb -notrace -source kolejka_axis_data_fifo_0_0.tcl


****** Vivado v2017.3 (64-bit)
  **** SW Build 2018833 on Wed Oct  4 19:58:22 MDT 2017
  **** IP Build 2016188 on Wed Oct  4 21:52:56 MDT 2017
    ** Copyright 1986-2017 Xilinx, Inc. All Rights Reserved.

source kolejka_axis_data_fifo_0_0.tcl -notrace
Starting RTL Elaboration : Time (s): cpu = 00:00:11 ; elapsed = 00:00:12 . Memory (MB): peak = 351.148 ; gain = 96.109
INFO: [Synth 8-638] synthesizing module 'kolejka_axis_data_fifo_0_0' [c:/makiv2/kamera_akustyczna_v0.1/kamera_akustyczna_v0.1.srcs/sources_1/bd/kolejka/ip/kolejka_axis_data_fifo_0_0_1/synth/kolejka_axis_data_fifo_0_0.v:57]
INFO: [Synth 8-638] synthesizing module 'axis_data_fifo_v1_1_15_axis_data_fifo' [c:/makiv2/kamera_akustyczna_v0.1/kamera_akustyczna_v0.1.srcs/sources_1/bd/kolejka/ipshared/f1e5/hdl/axis_data_fifo_v1_1_vl_rfs.v:62]
INFO: [Synth 8-638] synthesizing module 'axis_infrastructure_v1_1_0_util_aclken_converter_wrapper' [c:/makiv2/kamera_akustyczna_v0.1/kamera_akustyczna_v0.1.srcs/sources_1/bd/kolejka/ipshared/0ab1/hdl/axis_infrastructure_v1_1_vl_rfs.v:600]
INFO: [Synth 8-638] synthesizing module 'axis_infrastructure_v1_1_0_util_axis2vector' [c:/makiv2/kamera_akustyczna_v0.1/kamera_akustyczna_v0.1.srcs/sources_1/bd/kolejka/ipshared/0ab1/hdl/axis_infrastructure_v1_1_vl_rfs.v:810]
INFO: [Synth 8-256] done synthesizing module 'axis_infrastructure_v1_1_0_util_axis2vector' (1#1) [c:/makiv2/kamera_akustyczna_v0.1/kamera_akustyczna_v0.1.srcs/sources_1/bd/kolejka/ipshared/0ab1/hdl/axis_infrastructure_v1_1_vl_rfs.v:810]
INFO: [Synth 8-638] synthesizing module 'axis_infrastructure_v1_1_0_util_vector2axis' [c:/makiv2/kamera_akustyczna_v0.1/kamera_akustyczna_v0.1.srcs/sources_1/bd/kolejka/ipshared/0ab1/hdl/axis_infrastructure_v1_1_vl_rfs.v:992]
INFO: [Synth 8-256] done synthesizing module 'axis_infrastructure_v1_1_0_util_vector2axis' (2#1) [c:/makiv2/kamera_akustyczna_v0.1/kamera_akustyczna_v0.1.srcs/sources_1/bd/kolejka/ipshared/0ab1/hdl/axis_infrastructure_v1_1_vl_rfs.v:992]
INFO: [Synth 8-256] done synthesizing module 'axis_infrastructure_v1_1_0_util_aclken_converter_wrapper' (3#1) [c:/makiv2/kamera_akustyczna_v0.1/kamera_akustyczna_v0.1.srcs/sources_1/bd/kolejka/ipshared/0ab1/hdl/axis_infrastructure_v1_1_vl_rfs.v:600]
INFO: [Synth 8-638] synthesizing module 'xpm_cdc_async_rst' [C:/Xilinx/Vivado/2017.3/data/ip/xpm/xpm_cdc/hdl/xpm_cdc.sv:1177]
INFO: [Synth 8-256] done synthesizing module 'xpm_cdc_async_rst' (4#1) [C:/Xilinx/Vivado/2017.3/data/ip/xpm/xpm_cdc/hdl/xpm_cdc.sv:1177]
INFO: [Synth 8-638] synthesizing module 'xpm_cdc_sync_rst' [C:/Xilinx/Vivado/2017.3/data/ip/xpm/xpm_cdc/hdl/xpm_cdc.sv:1045]
INFO: [Synth 8-256] done synthesizing module 'xpm_cdc_sync_rst' (6#1) [C:/Xilinx/Vivado/2017.3/data/ip/xpm/xpm_cdc/hdl/xpm_cdc.sv:1045]
INFO: [Synth 8-256] done synthesizing module 'axis_data_fifo_v1_1_15_axis_data_fifo' (32#1) [c:/makiv2/kamera_akustyczna_v0.1/kamera_akustyczna_v0.1.srcs/sources_1/bd/kolejka/ipshared/f1e5/hdl/axis_data_fifo_v1_1_vl_rfs.v:62]
INFO: [Synth 8-256] done synthesizing module 'kolejka_axis_data_fifo_0_0' (33#1) [c:/makiv2/kamera_akustyczna_v0.1/kamera_akustyczna_v0.1.srcs/sources_1/bd/kolejka/ip/kolejka_axis_data_fifo_0_0_1/synth/kolejka_axis_data_fifo_0_0.v:57]
Finished RTL Elaboration : Time (s): cpu = 00:01:35 ; elapsed = 00:01:36 . Memory (MB): peak = 571.738 ; gain = 316.699
Finished RTL Optimization Phase 1 : Time (s): cpu = 00:01:35 ; elapsed = 00:01:36 . Memory (MB): peak = 571.738 ; gain = 316.699
INFO: [Device 21-403] Loading part xc7z010clg400-1
Constraint Validation Runtime : Time (s): cpu = 00:00:00 ; elapsed = 00:00:00.012 . Memory (MB): peak = 690.094 ; gain = 0.000
Finished Constraint Validation : Time (s): cpu = 00:01:50 ; elapsed = 00:01:52 . Memory (MB): peak = 690.094 ; gain = 435.055
Finished Loading Part and Timing Information : Time (s): cpu = 00:01:50 ; elapsed = 00:01:52 . Memory (MB): peak = 690.094 ; gain = 435.055
Finished applying 'set_property' XDC Constraints : Time (s): cpu = 00:01:50 ; elapsed = 00:01:52 . Memory (MB): peak = 690.094 ; gain = 435.055
Finished RTL Optimization Phase 2 : Time (s): cpu = 00:01:51 ; elapsed = 00:01:53 . Memory (MB): peak = 690.094 ; gain = 435.055
Finished Cross Boundary and Area Optimization : Time (s): cpu = 00:01:52 ; elapsed = 00:01:54 . Memory (MB): peak = 690.094 ; gain = 435.055
Finished Applying XDC Timing Constraints : Time (s): cpu = 00:02:05 ; elapsed = 00:02:08 . Memory (MB): peak = 690.094 ; gain = 435.055
Finished Timing Optimization : Time (s): cpu = 00:02:05 ; elapsed = 00:02:08 . Memory (MB): peak = 690.094 ; gain = 435.055
Finished Technology Mapping : Time (s): cpu = 00:02:05 ; elapsed = 00:02:08 . Memory (MB): peak = 690.414 ; gain = 435.375
Finished IO Insertion : Time (s): cpu = 00:02:06 ; elapsed = 00:02:09 . Memory (MB): peak = 690.414 ; gain = 435.375
Finished Renaming Generated Instances : Time (s): cpu = 00:02:06 ; elapsed = 00:02:09 . Memory (MB): peak = 690.414 ; gain = 435.375
Finished Rebuilding User Hierarchy : Time (s): cpu = 00:02:06 ; elapsed = 00:02:09 . Memory (MB): peak = 690.414 ; gain = 435.375
Finished Renaming Generated Ports : Time (s): cpu = 00:02:06 ; elapsed = 00:02:09 . Memory (MB): peak = 690.414 ; gain = 435.375
Finished Handling Custom Attributes : Time (s): cpu = 00:02:06 ; elapsed = 00:02:09 . Memory (MB): peak = 690.414 ; gain = 435.375
Finished Renaming Generated Nets : Time (s): cpu = 00:02:06 ; elapsed = 00:02:09 . Memory (MB): peak = 690.414 ; gain = 435.375

Report Cell Usage: 
+------+---------+------+
|      |Cell     |Count |
+------+---------+------+
|1     |CARRY4   |     6|
|2     |LUT1     |     9|
|3     |LUT2     |    28|
|4     |LUT3     |     7|
|5     |LUT4     |    32|
|6     |LUT5     |    12|
|7     |LUT6     |    18|
|8     |MUXCY    |    25|
|9     |RAMB18E1 |     1|
|10    |SRL16E   |     1|
|11    |FDPE     |     5|
|12    |FDRE     |   115|
|13    |FDSE     |    10|
+------+---------+------+
Finished Writing Synthesis Report : Time (s): cpu = 00:02:06 ; elapsed = 00:02:09 . Memory (MB): peak = 690.414 ; gain = 435.375
synth_design: Time (s): cpu = 00:02:09 ; elapsed = 00:02:12 . Memory (MB): peak = 1105.871 ; gain = 860.227
